# JRE version: OpenJDK Runtime Environment Temurin-17.0.20+8 (17.0.20+8) (build 17.0.20+8)
# Java VM: OpenJDK 64-Bit Server VM Temurin-17.0.20+8 (17.0.20+8, mixed mode, sharing, tiered, compressed oops, compressed class ptrs, g1 gc, windows-amd64)
GC Precious Log:
 CPUs: 8 total, 8 available
 Memory: 7914M
 Large Page Support: Disabled
 NUMA Support: Disabled
 Compressed Oops: Enabled (32-bit)
 Heap Region Size: 1M
 Heap Min Capacity: 8M
 Heap Initial Capacity: 124M
 Heap Max Capacity: 1980M
 Pre-touch: Disabled
 Parallel Workers: 8
 Concurrent Workers: 2
 Concurrent Refinement Workers: 8
 Periodic GC: Disabled
Heap:
 garbage-first heap   total 104448K, used 40158K [0x0000000084400000, 0x0000000100000000)
  region size 1024K, 11 young (11264K), 4 survivors (4096K)
 Metaspace       used 32227K, committed 32704K, reserved 1114112K
  class space    used 3806K, committed 4032K, reserved 1048576K
GC Heap History (20 events):
Event: 60.111 GC heap before
{Heap before GC invocations=2 (full 0):
 garbage-first heap   total 126976K, used 78356K [0x0000000084400000, 0x0000000100000000)
  region size 1024K, 74 young (75776K), 1 survivors (1024K)
 Metaspace       used 15295K, committed 15488K, reserved 1114112K
  class space    used 1847K, committed 1920K, reserved 1048576K
}
Event: 60.141 GC heap after
{Heap after GC invocations=3 (full 0):
 garbage-first heap   total 126976K, used 13094K [0x0000000084400000, 0x0000000100000000)
  region size 1024K, 10 young (10240K), 10 survivors (10240K)
 Metaspace       used 15295K, committed 15488K, reserved 1114112K
  class space    used 1847K, committed 1920K, reserved 1048576K
}
Event: 102.631 GC heap before
{Heap before GC invocations=3 (full 0):
 garbage-first heap   total 126976K, used 82726K [0x0000000084400000, 0x0000000100000000)
  region size 1024K, 74 young (75776K), 10 survivors (10240K)
 Metaspace       used 19707K, committed 19968K, reserved 1114112K
  class space    used 2319K, committed 2432K, reserved 1048576K
}
Event: 102.664 GC heap after
{Heap after GC invocations=4 (full 0):
 garbage-first heap   total 126976K, used 22307K [0x0000000084400000, 0x0000000100000000)
  region size 1024K, 6 young (6144K), 6 survivors (6144K)
 Metaspace       used 19707K, committed 19968K, reserved 1114112K
  class space    used 2319K, committed 2432K, reserved 1048576K
}
Event: 102.807 GC heap before
{Heap before GC invocations=4 (full 0):
 garbage-first heap   total 126976K, used 23331K [0x0000000084400000, 0x0000000100000000)
  region size 1024K, 8 young (8192K), 6 survivors (6144K)
 Metaspace       used 21186K, committed 21504K, reserved 1114112K
  class space    used 2515K, committed 2688K, reserved 1048576K
}
Event: 102.824 GC heap after
{Heap after GC invocations=5 (full 0):
 garbage-first heap   total 126976K, used 20992K [0x0000000084400000, 0x0000000100000000)
  region size 1024K, 1 young (1024K), 1 survivors (1024K)
 Metaspace       used 21186K, committed 21504K, reserved 1114112K
  class space    used 2515K, committed 2688K, reserved 1048576K
}
Event: 105.962 GC heap before
{Heap before GC invocations=6 (full 0):
 garbage-first heap   total 75776K, used 62976K [0x0000000084400000, 0x0000000100000000)
  region size 1024K, 40 young (40960K), 1 survivors (1024K)
 Metaspace       used 26298K, committed 26624K, reserved 1114112K
  class space    used 3107K, committed 3264K, reserved 1048576K
}
Event: 106.026 GC heap after
{Heap after GC invocations=7 (full 0):
 garbage-first heap   total 75776K, used 32256K [0x0000000084400000, 0x0000000100000000)
  region size 1024K, 6 young (6144K), 6 survivors (6144K)
 Metaspace       used 26298K, committed 26624K, reserved 1114112K
  class space    used 3107K, committed 3264K, reserved 1048576K
}
Event: 107.935 GC heap before
{Heap before GC invocations=7 (full 0):
 garbage-first heap   total 75776K, used 54784K [0x0000000084400000, 0x0000000100000000)
  region size 1024K, 26 young (26624K), 6 survivors (6144K)
 Metaspace       used 26384K, committed 26688K, reserved 1114112K
  class space    used 3107K, committed 3264K, reserved 1048576K
}
Event: 107.996 GC heap after
{Heap after GC invocations=8 (full 0):
 garbage-first heap   total 75776K, used 41865K [0x0000000084400000, 0x0000000100000000)
  region size 1024K, 4 young (4096K), 4 survivors (4096K)
 Metaspace       used 26384K, committed 26688K, reserved 1114112K
  class space    used 3107K, committed 3264K, reserved 1048576K
}
Event: 109.544 GC heap before
{Heap before GC invocations=8 (full 0):
 garbage-first heap   total 75776K, used 55177K [0x0000000084400000, 0x0000000100000000)
  region size 1024K, 17 young (17408K), 4 survivors (4096K)
 Metaspace       used 26425K, committed 26752K, reserved 1114112K
  class space    used 3107K, committed 3264K, reserved 1048576K
}
Event: 109.572 GC heap after
{Heap after GC invocations=9 (full 0):
 garbage-first heap   total 75776K, used 41193K [0x0000000084400000, 0x0000000100000000)
  region size 1024K, 2 young (2048K), 2 survivors (2048K)
 Metaspace       used 26425K, committed 26752K, reserved 1114112K
  class space    used 3107K, committed 3264K, reserved 1048576K
}
Event: 111.317 GC heap before
{Heap before GC invocations=10 (full 0):
 garbage-first heap   total 75776K, used 52457K [0x0000000084400000, 0x0000000100000000)
  region size 1024K, 16 young (16384K), 2 survivors (2048K)
 Metaspace       used 27572K, committed 27968K, reserved 1114112K
  class space    used 3199K, committed 3392K, reserved 1048576K
}
Event: 111.334 GC heap after
{Heap after GC invocations=11 (full 0):
 garbage-first heap   total 75776K, used 38905K [0x0000000084400000, 0x0000000100000000)
  region size 1024K, 2 young (2048K), 2 survivors (2048K)
 Metaspace       used 27572K, committed 27968K, reserved 1114112K
  class space    used 3199K, committed 3392K, reserved 1048576K
}
Event: 111.546 GC heap before
{Heap before GC invocations=11 (full 0):
 garbage-first heap   total 75776K, used 39929K [0x0000000084400000, 0x0000000100000000)
  region size 1024K, 3 young (3072K), 2 survivors (2048K)
 Metaspace       used 27837K, committed 28288K, reserved 1114112K
  class space    used 3233K, committed 3456K, reserved 1048576K
}
Event: 111.568 GC heap after
{Heap after GC invocations=12 (full 0):
 garbage-first heap   total 75776K, used 30763K [0x0000000084400000, 0x0000000100000000)
  region size 1024K, 1 young (1024K), 1 survivors (1024K)
 Metaspace       used 27837K, committed 28288K, reserved 1114112K
  class space    used 3233K, committed 3456K, reserved 1048576K
}
Event: 191.784 GC heap before
{Heap before GC invocations=12 (full 0):
 garbage-first heap   total 75776K, used 53291K [0x0000000084400000, 0x0000000100000000)
  region size 1024K, 23 young (23552K), 1 survivors (1024K)
 Metaspace       used 30039K, committed 30400K, reserved 1114112K
  class space    used 3476K, committed 3648K, reserved 1048576K
}
Event: 191.840 GC heap after
{Heap after GC invocations=13 (full 0):
 garbage-first heap   total 104448K, used 31819K [0x0000000084400000, 0x0000000100000000)
  region size 1024K, 2 young (2048K), 2 survivors (2048K)
 Metaspace       used 30039K, committed 30400K, reserved 1114112K
  class space    used 3476K, committed 3648K, reserved 1048576K
}
Event: 244.684 GC heap before
{Heap before GC invocations=13 (full 0):
 garbage-first heap   total 104448K, used 90187K [0x0000000084400000, 0x0000000100000000)
  region size 1024K, 41 young (41984K), 2 survivors (2048K)
 Metaspace       used 32106K, committed 32576K, reserved 1114112K
  class space    used 3795K, committed 4032K, reserved 1048576K
}
Event: 244.698 GC heap after
{Heap after GC invocations=14 (full 0):
 garbage-first heap   total 104448K, used 34014K [0x0000000084400000, 0x0000000100000000)
  region size 1024K, 4 young (4096K), 4 survivors (4096K)
 Metaspace       used 32106K, committed 32576K, reserved 1114112K
  class space    used 3795K, committed 4032K, reserved 1048576K
}

